<?xml version="1.0" encoding="UTF-8"?>
<!-- Generated by org.testng.reporters.JUnitXMLReporter -->
<testsuite ignored="1" hostname="DESKTOP-0JBNS5R" failures="0" tests="1" name="Default test" time="18.856" errors="0" timestamp="2021-09-19T15:22:25 EDT">
  <testcase classname="testlayer.MyAccountTabTests" name="cartbutton" time="3.578"/>
  <testcase classname="testlayer.MyAccountTabTests" name="orderbtn" time="0.0">
    <ignored/>
  </testcase> <!-- orderbtn -->
</testsuite> <!-- Default test -->
