<?xml version="1.0" encoding="UTF-8"?>
<testng-results ignored="1" total="2" passed="1" failed="0" skipped="0">
  <reporter-output>
  </reporter-output>
  <suite started-at="2021-09-19T15:22:06 EDT" name="Default suite" finished-at="2021-09-19T15:22:25 EDT" duration-ms="18856">
    <groups>
    </groups>
    <test started-at="2021-09-19T15:22:06 EDT" name="Default test" finished-at="2021-09-19T15:22:25 EDT" duration-ms="18856">
      <class name="testlayer.MyAccountTabTests">
        <test-method is-config="true" signature="setup()[pri:0, instance:testlayer.MyAccountTabTests@619713e5]" started-at="2021-09-19T15:22:06 EDT" name="setup" finished-at="2021-09-19T15:22:21 EDT" duration-ms="15231" status="PASS">
          <reporter-output>
          </reporter-output>
        </test-method> <!-- setup -->
        <test-method signature="cartbutton()[pri:0, instance:testlayer.MyAccountTabTests@619713e5]" started-at="2021-09-19T15:22:21 EDT" name="cartbutton" finished-at="2021-09-19T15:22:25 EDT" duration-ms="3578" status="PASS">
          <reporter-output>
          </reporter-output>
        </test-method> <!-- cartbutton -->
      </class> <!-- testlayer.MyAccountTabTests -->
    </test> <!-- Default test -->
  </suite> <!-- Default suite -->
</testng-results>
